[2022-03-07 12:51:48.679] [main] [info] window#load: attempt to load window (id: 1)
[2022-03-07 12:51:48.767] [main] [info] update#setState idle
[2022-03-07 12:51:49.025] [main] [info] ExtensionHostStarterWorker created
[2022-03-07 12:51:52.168] [main] [info] window#load: window reported ready (id: 1)
[2022-03-07 12:51:52.647] [main] [info] Starting extension host with pid 52247 (fork() took 42 ms).
[2022-03-07 12:51:52.651] [main] [info] ExtensionHostStarterWorker.start() took 52 ms.
[2022-03-07 12:52:18.773] [main] [info] update#setState checking for updates
[2022-03-07 12:52:18.972] [main] [info] update#setState idle
[2022-03-07 12:53:12.584] [main] [info] window#load: attempt to load window (id: 1)
[2022-03-07 12:53:12.652] [main] [info] Extension host with pid 52247 exited with code: 0, signal: null.
[2022-03-07 12:53:14.274] [main] [info] window#load: window reported ready (id: 1)
[2022-03-07 12:53:14.945] [main] [info] Starting extension host with pid 52389 (fork() took 35 ms).
[2022-03-07 12:53:14.972] [main] [info] ExtensionHostStarterWorker.start() took 64 ms.
[2022-03-08 06:35:14.129] [main] [info] update#setState checking for updates
[2022-03-08 06:35:14.955] [main] [info] update#setState idle
[2022-03-08 07:35:14.239] [main] [info] update#setState checking for updates
[2022-03-08 07:35:14.888] [main] [info] update#setState idle
[2022-03-08 08:35:14.324] [main] [info] update#setState checking for updates
[2022-03-08 08:35:14.944] [main] [info] update#setState idle
[2022-03-08 09:35:14.413] [main] [info] update#setState checking for updates
[2022-03-08 09:35:15.428] [main] [info] update#setState idle
[2022-03-08 10:35:14.515] [main] [info] update#setState checking for updates
[2022-03-08 10:35:15.144] [main] [info] update#setState available for download
[2022-03-11 10:16:36.273] [main] [info] Enabling inspect port on extension host with pid 52389.
[2022-03-11 10:16:36.311] [main] [info] Enabling inspect port on extension host with pid 52389.
[2022-03-29 11:27:43.026] [main] [info] Waiting for extension host with pid 52389 to exit.
[2022-03-29 11:27:43.056] [main] [info] Extension host with pid 52389 exited with code: 0, signal: null.
