[2022-03-07 12:52:00.793] [renderer1] [error] ["Error: Unknown or unsupported transport 'disabled' for address 'disabled:'"]
[2022-03-07 12:52:00.794] [renderer1] [warning] Settings Sync: Accounts are not initialized
[2022-03-07 12:53:12.446] [renderer1] [warning] [lifecycle] onBeforeShutdown is taking a long time, pending operations: veto.backups
[2022-03-07 12:53:12.453] [renderer1] [warning] [backup tracker] suspended, ignoring dirty change event untitled:/directory-to-open 
[2022-03-07 12:53:12.462] [renderer1] [warning] [backup tracker] suspended, ignoring unregister event untitled:/directory-to-open 
[2022-03-07 12:53:16.682] [renderer1] [error] ["Error: Unknown or unsupported transport 'disabled' for address 'disabled:'"]
[2022-03-07 12:53:16.684] [renderer1] [warning] Settings Sync: Accounts are not initialized
[2022-03-11 10:16:36.557] [renderer1] [info] UNRESPONSIVE extension host: received responsive event and cancelling profiling session
[2022-03-11 10:16:41.625] [renderer1] [info] UNRESPONSIVE extension host: starting to profile NOW
[2022-03-11 10:45:24.316] [renderer1] [warning] Webgl could not be loaded. Falling back to the canvas renderer type. {}
[2022-03-14 12:30:17.279] [renderer1] [error] Unable to consume quoted string at char 48: Error: Unable to consume quoted string at char 48
	at r.error (/usr/share/code/resources/app/extensions/emmet/dist/node/emmetNodeMain.js:1:22607)
	at o (/usr/share/code/resources/app/extensions/emmet/dist/node/emmetNodeMain.js:1:21278)
	at f (/usr/share/code/resources/app/extensions/emmet/dist/node/emmetNodeMain.js:1:21705)
	at u (/usr/share/code/resources/app/extensions/emmet/dist/node/emmetNodeMain.js:1:14540)
	at l (/usr/share/code/resources/app/extensions/emmet/dist/node/emmetNodeMain.js:1:14611)
	at /usr/share/code/resources/app/extensions/emmet/dist/node/emmetNodeMain.js:1:15226
	at m (/usr/share/code/resources/app/extensions/emmet/dist/node/emmetNodeMain.js:1:15333)
	at E (/usr/share/code/resources/app/extensions/emmet/dist/node/emmetNodeMain.js:1:16251)
	at _ (/usr/share/code/resources/app/extensions/emmet/dist/node/emmetNodeMain.js:1:16661)
	at t.getRootNode (/usr/share/code/resources/app/extensions/emmet/dist/node/emmetNodeMain.js:1:201200)
	at t.DefaultCompletionItemProvider.provideCompletionItemsInternal (/usr/share/code/resources/app/extensions/emmet/dist/node/emmetNodeMain.js:1:186943)
	at t.DefaultCompletionItemProvider.provideCompletionItems (/usr/share/code/resources/app/extensions/emmet/dist/node/emmetNodeMain.js:1:185715)
	at K.provideCompletionItems (/usr/share/code/resources/app/out/vs/workbench/api/node/extensionHostProcess.js:85:104499)
	at /usr/share/code/resources/app/out/vs/workbench/api/node/extensionHostProcess.js:85:126398
	at be._withAdapter (/usr/share/code/resources/app/out/vs/workbench/api/node/extensionHostProcess.js:85:116655)
	at be.$provideCompletionItems (/usr/share/code/resources/app/out/vs/workbench/api/node/extensionHostProcess.js:85:126374)
	at n._doInvokeHandler (/usr/share/code/resources/app/out/vs/workbench/api/node/extensionHostProcess.js:89:13812)
	at n._invokeHandler (/usr/share/code/resources/app/out/vs/workbench/api/node/extensionHostProcess.js:89:13496)
	at n._receiveRequest (/usr/share/code/resources/app/out/vs/workbench/api/node/extensionHostProcess.js:89:12107)
	at n._receiveOneMessage (/usr/share/code/resources/app/out/vs/workbench/api/node/extensionHostProcess.js:89:10836)
	at /usr/share/code/resources/app/out/vs/workbench/api/node/extensionHostProcess.js:89:8945
	at d.invoke (/usr/share/code/resources/app/out/vs/workbench/api/node/extensionHostProcess.js:58:145)
	at w.fire (/usr/share/code/resources/app/out/vs/workbench/api/node/extensionHostProcess.js:58:1856)
	at c.fire (/usr/share/code/resources/app/out/vs/workbench/api/node/extensionHostProcess.js:66:19017)
	at /usr/share/code/resources/app/out/vs/workbench/api/node/extensionHostProcess.js:104:34267
	at d.invoke (/usr/share/code/resources/app/out/vs/workbench/api/node/extensionHostProcess.js:58:145)
	at w.fire (/usr/share/code/resources/app/out/vs/workbench/api/node/extensionHostProcess.js:58:1856)
	at c.fire (/usr/share/code/resources/app/out/vs/workbench/api/node/extensionHostProcess.js:66:19017)
	at s._receiveMessage (/usr/share/code/resources/app/out/vs/workbench/api/node/extensionHostProcess.js:66:23598)
	at /usr/share/code/resources/app/out/vs/workbench/api/node/extensionHostProcess.js:66:21132
	at d.invoke (/usr/share/code/resources/app/out/vs/workbench/api/node/extensionHostProcess.js:58:145)
	at w.fire (/usr/share/code/resources/app/out/vs/workbench/api/node/extensionHostProcess.js:58:1856)
	at w.acceptChunk (/usr/share/code/resources/app/out/vs/workbench/api/node/extensionHostProcess.js:66:15848)
	at /usr/share/code/resources/app/out/vs/workbench/api/node/extensionHostProcess.js:66:14978
	at Socket.P (/usr/share/code/resources/app/out/vs/workbench/api/node/extensionHostProcess.js:104:13790)
	at Socket.emit (events.js:315:20)
	at addChunk (internal/streams/readable.js:309:12)
	at readableAddChunk (internal/streams/readable.js:284:9)
	at Socket.Readable.push (internal/streams/readable.js:223:10)
	at Pipe.onStreamRead (internal/stream_base_commons.js:188:23)
[2022-03-14 12:34:33.345] [renderer1] [error] Unable to find matching pair for < at char 278: Error: Unable to find matching pair for < at char 278
	at r.error (/usr/share/code/resources/app/extensions/emmet/dist/node/emmetNodeMain.js:1:22607)
	at f (/usr/share/code/resources/app/extensions/emmet/dist/node/emmetNodeMain.js:1:21837)
	at u (/usr/share/code/resources/app/extensions/emmet/dist/node/emmetNodeMain.js:1:14498)
	at l (/usr/share/code/resources/app/extensions/emmet/dist/node/emmetNodeMain.js:1:14611)
	at /usr/share/code/resources/app/extensions/emmet/dist/node/emmetNodeMain.js:1:15226
	at m (/usr/share/code/resources/app/extensions/emmet/dist/node/emmetNodeMain.js:1:15333)
	at E (/usr/share/code/resources/app/extensions/emmet/dist/node/emmetNodeMain.js:1:16251)
	at _ (/usr/share/code/resources/app/extensions/emmet/dist/node/emmetNodeMain.js:1:16661)
	at t.getRootNode (/usr/share/code/resources/app/extensions/emmet/dist/node/emmetNodeMain.js:1:201200)
	at t.DefaultCompletionItemProvider.provideCompletionItemsInternal (/usr/share/code/resources/app/extensions/emmet/dist/node/emmetNodeMain.js:1:186943)
	at t.DefaultCompletionItemProvider.provideCompletionItems (/usr/share/code/resources/app/extensions/emmet/dist/node/emmetNodeMain.js:1:185715)
	at K.provideCompletionItems (/usr/share/code/resources/app/out/vs/workbench/api/node/extensionHostProcess.js:85:104499)
	at /usr/share/code/resources/app/out/vs/workbench/api/node/extensionHostProcess.js:85:126398
	at be._withAdapter (/usr/share/code/resources/app/out/vs/workbench/api/node/extensionHostProcess.js:85:116655)
	at be.$provideCompletionItems (/usr/share/code/resources/app/out/vs/workbench/api/node/extensionHostProcess.js:85:126374)
	at n._doInvokeHandler (/usr/share/code/resources/app/out/vs/workbench/api/node/extensionHostProcess.js:89:13812)
	at n._invokeHandler (/usr/share/code/resources/app/out/vs/workbench/api/node/extensionHostProcess.js:89:13496)
	at n._receiveRequest (/usr/share/code/resources/app/out/vs/workbench/api/node/extensionHostProcess.js:89:12107)
	at n._receiveOneMessage (/usr/share/code/resources/app/out/vs/workbench/api/node/extensionHostProcess.js:89:10836)
	at /usr/share/code/resources/app/out/vs/workbench/api/node/extensionHostProcess.js:89:8945
	at d.invoke (/usr/share/code/resources/app/out/vs/workbench/api/node/extensionHostProcess.js:58:145)
	at w.fire (/usr/share/code/resources/app/out/vs/workbench/api/node/extensionHostProcess.js:58:1856)
	at c.fire (/usr/share/code/resources/app/out/vs/workbench/api/node/extensionHostProcess.js:66:19017)
	at /usr/share/code/resources/app/out/vs/workbench/api/node/extensionHostProcess.js:104:34267
	at d.invoke (/usr/share/code/resources/app/out/vs/workbench/api/node/extensionHostProcess.js:58:145)
	at w.fire (/usr/share/code/resources/app/out/vs/workbench/api/node/extensionHostProcess.js:58:1856)
	at c.fire (/usr/share/code/resources/app/out/vs/workbench/api/node/extensionHostProcess.js:66:19017)
	at s._receiveMessage (/usr/share/code/resources/app/out/vs/workbench/api/node/extensionHostProcess.js:66:23598)
	at /usr/share/code/resources/app/out/vs/workbench/api/node/extensionHostProcess.js:66:21132
	at d.invoke (/usr/share/code/resources/app/out/vs/workbench/api/node/extensionHostProcess.js:58:145)
	at w.fire (/usr/share/code/resources/app/out/vs/workbench/api/node/extensionHostProcess.js:58:1856)
	at w.acceptChunk (/usr/share/code/resources/app/out/vs/workbench/api/node/extensionHostProcess.js:66:15848)
	at /usr/share/code/resources/app/out/vs/workbench/api/node/extensionHostProcess.js:66:14978
	at Socket.P (/usr/share/code/resources/app/out/vs/workbench/api/node/extensionHostProcess.js:104:13790)
	at Socket.emit (events.js:315:20)
	at addChunk (internal/streams/readable.js:309:12)
	at readableAddChunk (internal/streams/readable.js:284:9)
	at Socket.Readable.push (internal/streams/readable.js:223:10)
	at Pipe.onStreamRead (internal/stream_base_commons.js:188:23)
[2022-03-14 12:34:43.238] [renderer1] [error] Unable to find matching pair for < at char 278: Error: Unable to find matching pair for < at char 278
	at r.error (/usr/share/code/resources/app/extensions/emmet/dist/node/emmetNodeMain.js:1:22607)
	at f (/usr/share/code/resources/app/extensions/emmet/dist/node/emmetNodeMain.js:1:21837)
	at u (/usr/share/code/resources/app/extensions/emmet/dist/node/emmetNodeMain.js:1:14498)
	at l (/usr/share/code/resources/app/extensions/emmet/dist/node/emmetNodeMain.js:1:14611)
	at /usr/share/code/resources/app/extensions/emmet/dist/node/emmetNodeMain.js:1:15226
	at m (/usr/share/code/resources/app/extensions/emmet/dist/node/emmetNodeMain.js:1:15333)
	at E (/usr/share/code/resources/app/extensions/emmet/dist/node/emmetNodeMain.js:1:16251)
	at _ (/usr/share/code/resources/app/extensions/emmet/dist/node/emmetNodeMain.js:1:16661)
	at t.getRootNode (/usr/share/code/resources/app/extensions/emmet/dist/node/emmetNodeMain.js:1:201200)
	at t.DefaultCompletionItemProvider.provideCompletionItemsInternal (/usr/share/code/resources/app/extensions/emmet/dist/node/emmetNodeMain.js:1:186943)
	at t.DefaultCompletionItemProvider.provideCompletionItems (/usr/share/code/resources/app/extensions/emmet/dist/node/emmetNodeMain.js:1:185715)
	at K.provideCompletionItems (/usr/share/code/resources/app/out/vs/workbench/api/node/extensionHostProcess.js:85:104499)
	at /usr/share/code/resources/app/out/vs/workbench/api/node/extensionHostProcess.js:85:126398
	at be._withAdapter (/usr/share/code/resources/app/out/vs/workbench/api/node/extensionHostProcess.js:85:116655)
	at be.$provideCompletionItems (/usr/share/code/resources/app/out/vs/workbench/api/node/extensionHostProcess.js:85:126374)
	at n._doInvokeHandler (/usr/share/code/resources/app/out/vs/workbench/api/node/extensionHostProcess.js:89:13812)
	at n._invokeHandler (/usr/share/code/resources/app/out/vs/workbench/api/node/extensionHostProcess.js:89:13496)
	at n._receiveRequest (/usr/share/code/resources/app/out/vs/workbench/api/node/extensionHostProcess.js:89:12107)
	at n._receiveOneMessage (/usr/share/code/resources/app/out/vs/workbench/api/node/extensionHostProcess.js:89:10836)
	at /usr/share/code/resources/app/out/vs/workbench/api/node/extensionHostProcess.js:89:8945
	at d.invoke (/usr/share/code/resources/app/out/vs/workbench/api/node/extensionHostProcess.js:58:145)
	at w.fire (/usr/share/code/resources/app/out/vs/workbench/api/node/extensionHostProcess.js:58:1856)
	at c.fire (/usr/share/code/resources/app/out/vs/workbench/api/node/extensionHostProcess.js:66:19017)
	at /usr/share/code/resources/app/out/vs/workbench/api/node/extensionHostProcess.js:104:34267
	at d.invoke (/usr/share/code/resources/app/out/vs/workbench/api/node/extensionHostProcess.js:58:145)
	at w.fire (/usr/share/code/resources/app/out/vs/workbench/api/node/extensionHostProcess.js:58:1856)
	at c.fire (/usr/share/code/resources/app/out/vs/workbench/api/node/extensionHostProcess.js:66:19017)
	at s._receiveMessage (/usr/share/code/resources/app/out/vs/workbench/api/node/extensionHostProcess.js:66:23598)
	at /usr/share/code/resources/app/out/vs/workbench/api/node/extensionHostProcess.js:66:21132
	at d.invoke (/usr/share/code/resources/app/out/vs/workbench/api/node/extensionHostProcess.js:58:145)
	at w.fire (/usr/share/code/resources/app/out/vs/workbench/api/node/extensionHostProcess.js:58:1856)
	at w.acceptChunk (/usr/share/code/resources/app/out/vs/workbench/api/node/extensionHostProcess.js:66:15848)
	at /usr/share/code/resources/app/out/vs/workbench/api/node/extensionHostProcess.js:66:14978
	at Socket.P (/usr/share/code/resources/app/out/vs/workbench/api/node/extensionHostProcess.js:104:13790)
	at Socket.emit (events.js:315:20)
	at addChunk (internal/streams/readable.js:309:12)
	at readableAddChunk (internal/streams/readable.js:284:9)
	at Socket.Readable.push (internal/streams/readable.js:223:10)
	at Pipe.onStreamRead (internal/stream_base_commons.js:188:23)
[2022-03-14 12:34:50.879] [renderer1] [error] Unable to consume quoted string at char 292: Error: Unable to consume quoted string at char 292
	at r.error (/usr/share/code/resources/app/extensions/emmet/dist/node/emmetNodeMain.js:1:22607)
	at o (/usr/share/code/resources/app/extensions/emmet/dist/node/emmetNodeMain.js:1:21278)
	at f (/usr/share/code/resources/app/extensions/emmet/dist/node/emmetNodeMain.js:1:21705)
	at u (/usr/share/code/resources/app/extensions/emmet/dist/node/emmetNodeMain.js:1:14498)
	at l (/usr/share/code/resources/app/extensions/emmet/dist/node/emmetNodeMain.js:1:14611)
	at /usr/share/code/resources/app/extensions/emmet/dist/node/emmetNodeMain.js:1:15226
	at m (/usr/share/code/resources/app/extensions/emmet/dist/node/emmetNodeMain.js:1:15333)
	at E (/usr/share/code/resources/app/extensions/emmet/dist/node/emmetNodeMain.js:1:16251)
	at _ (/usr/share/code/resources/app/extensions/emmet/dist/node/emmetNodeMain.js:1:16661)
	at t.getRootNode (/usr/share/code/resources/app/extensions/emmet/dist/node/emmetNodeMain.js:1:201200)
	at t.DefaultCompletionItemProvider.provideCompletionItemsInternal (/usr/share/code/resources/app/extensions/emmet/dist/node/emmetNodeMain.js:1:186943)
	at t.DefaultCompletionItemProvider.provideCompletionItems (/usr/share/code/resources/app/extensions/emmet/dist/node/emmetNodeMain.js:1:185715)
	at K.provideCompletionItems (/usr/share/code/resources/app/out/vs/workbench/api/node/extensionHostProcess.js:85:104499)
	at /usr/share/code/resources/app/out/vs/workbench/api/node/extensionHostProcess.js:85:126398
	at be._withAdapter (/usr/share/code/resources/app/out/vs/workbench/api/node/extensionHostProcess.js:85:116655)
	at be.$provideCompletionItems (/usr/share/code/resources/app/out/vs/workbench/api/node/extensionHostProcess.js:85:126374)
	at n._doInvokeHandler (/usr/share/code/resources/app/out/vs/workbench/api/node/extensionHostProcess.js:89:13812)
	at n._invokeHandler (/usr/share/code/resources/app/out/vs/workbench/api/node/extensionHostProcess.js:89:13496)
	at n._receiveRequest (/usr/share/code/resources/app/out/vs/workbench/api/node/extensionHostProcess.js:89:12107)
	at n._receiveOneMessage (/usr/share/code/resources/app/out/vs/workbench/api/node/extensionHostProcess.js:89:10836)
	at /usr/share/code/resources/app/out/vs/workbench/api/node/extensionHostProcess.js:89:8945
	at d.invoke (/usr/share/code/resources/app/out/vs/workbench/api/node/extensionHostProcess.js:58:145)
	at w.fire (/usr/share/code/resources/app/out/vs/workbench/api/node/extensionHostProcess.js:58:1856)
	at c.fire (/usr/share/code/resources/app/out/vs/workbench/api/node/extensionHostProcess.js:66:19017)
	at /usr/share/code/resources/app/out/vs/workbench/api/node/extensionHostProcess.js:104:34267
	at d.invoke (/usr/share/code/resources/app/out/vs/workbench/api/node/extensionHostProcess.js:58:145)
	at w.fire (/usr/share/code/resources/app/out/vs/workbench/api/node/extensionHostProcess.js:58:1856)
	at c.fire (/usr/share/code/resources/app/out/vs/workbench/api/node/extensionHostProcess.js:66:19017)
	at s._receiveMessage (/usr/share/code/resources/app/out/vs/workbench/api/node/extensionHostProcess.js:66:23598)
	at /usr/share/code/resources/app/out/vs/workbench/api/node/extensionHostProcess.js:66:21132
	at d.invoke (/usr/share/code/resources/app/out/vs/workbench/api/node/extensionHostProcess.js:58:145)
	at w.fire (/usr/share/code/resources/app/out/vs/workbench/api/node/extensionHostProcess.js:58:1856)
	at w.acceptChunk (/usr/share/code/resources/app/out/vs/workbench/api/node/extensionHostProcess.js:66:15848)
	at /usr/share/code/resources/app/out/vs/workbench/api/node/extensionHostProcess.js:66:14978
	at Socket.P (/usr/share/code/resources/app/out/vs/workbench/api/node/extensionHostProcess.js:104:13790)
	at Socket.emit (events.js:315:20)
	at addChunk (internal/streams/readable.js:309:12)
	at readableAddChunk (internal/streams/readable.js:284:9)
	at Socket.Readable.push (internal/streams/readable.js:223:10)
	at Pipe.onStreamRead (internal/stream_base_commons.js:188:23)
[2022-03-14 12:34:55.127] [renderer1] [error] Unable to consume quoted string at char 292: Error: Unable to consume quoted string at char 292
	at r.error (/usr/share/code/resources/app/extensions/emmet/dist/node/emmetNodeMain.js:1:22607)
	at o (/usr/share/code/resources/app/extensions/emmet/dist/node/emmetNodeMain.js:1:21278)
	at f (/usr/share/code/resources/app/extensions/emmet/dist/node/emmetNodeMain.js:1:21705)
	at u (/usr/share/code/resources/app/extensions/emmet/dist/node/emmetNodeMain.js:1:14498)
	at l (/usr/share/code/resources/app/extensions/emmet/dist/node/emmetNodeMain.js:1:14611)
	at /usr/share/code/resources/app/extensions/emmet/dist/node/emmetNodeMain.js:1:15226
	at m (/usr/share/code/resources/app/extensions/emmet/dist/node/emmetNodeMain.js:1:15333)
	at E (/usr/share/code/resources/app/extensions/emmet/dist/node/emmetNodeMain.js:1:16251)
	at _ (/usr/share/code/resources/app/extensions/emmet/dist/node/emmetNodeMain.js:1:16661)
	at t.getRootNode (/usr/share/code/resources/app/extensions/emmet/dist/node/emmetNodeMain.js:1:201200)
	at t.DefaultCompletionItemProvider.provideCompletionItemsInternal (/usr/share/code/resources/app/extensions/emmet/dist/node/emmetNodeMain.js:1:186943)
	at t.DefaultCompletionItemProvider.provideCompletionItems (/usr/share/code/resources/app/extensions/emmet/dist/node/emmetNodeMain.js:1:185715)
	at K.provideCompletionItems (/usr/share/code/resources/app/out/vs/workbench/api/node/extensionHostProcess.js:85:104499)
	at /usr/share/code/resources/app/out/vs/workbench/api/node/extensionHostProcess.js:85:126398
	at be._withAdapter (/usr/share/code/resources/app/out/vs/workbench/api/node/extensionHostProcess.js:85:116655)
	at be.$provideCompletionItems (/usr/share/code/resources/app/out/vs/workbench/api/node/extensionHostProcess.js:85:126374)
	at n._doInvokeHandler (/usr/share/code/resources/app/out/vs/workbench/api/node/extensionHostProcess.js:89:13812)
	at n._invokeHandler (/usr/share/code/resources/app/out/vs/workbench/api/node/extensionHostProcess.js:89:13496)
	at n._receiveRequest (/usr/share/code/resources/app/out/vs/workbench/api/node/extensionHostProcess.js:89:12107)
	at n._receiveOneMessage (/usr/share/code/resources/app/out/vs/workbench/api/node/extensionHostProcess.js:89:10836)
	at /usr/share/code/resources/app/out/vs/workbench/api/node/extensionHostProcess.js:89:8945
	at d.invoke (/usr/share/code/resources/app/out/vs/workbench/api/node/extensionHostProcess.js:58:145)
	at w.fire (/usr/share/code/resources/app/out/vs/workbench/api/node/extensionHostProcess.js:58:1856)
	at c.fire (/usr/share/code/resources/app/out/vs/workbench/api/node/extensionHostProcess.js:66:19017)
	at /usr/share/code/resources/app/out/vs/workbench/api/node/extensionHostProcess.js:104:34267
	at d.invoke (/usr/share/code/resources/app/out/vs/workbench/api/node/extensionHostProcess.js:58:145)
	at w.fire (/usr/share/code/resources/app/out/vs/workbench/api/node/extensionHostProcess.js:58:1856)
	at c.fire (/usr/share/code/resources/app/out/vs/workbench/api/node/extensionHostProcess.js:66:19017)
	at s._receiveMessage (/usr/share/code/resources/app/out/vs/workbench/api/node/extensionHostProcess.js:66:23598)
	at /usr/share/code/resources/app/out/vs/workbench/api/node/extensionHostProcess.js:66:21132
	at d.invoke (/usr/share/code/resources/app/out/vs/workbench/api/node/extensionHostProcess.js:58:145)
	at w.fire (/usr/share/code/resources/app/out/vs/workbench/api/node/extensionHostProcess.js:58:1856)
	at w.acceptChunk (/usr/share/code/resources/app/out/vs/workbench/api/node/extensionHostProcess.js:66:15848)
	at /usr/share/code/resources/app/out/vs/workbench/api/node/extensionHostProcess.js:66:14978
	at Socket.P (/usr/share/code/resources/app/out/vs/workbench/api/node/extensionHostProcess.js:104:13790)
	at Socket.emit (events.js:315:20)
	at addChunk (internal/streams/readable.js:309:12)
	at readableAddChunk (internal/streams/readable.js:284:9)
	at Socket.Readable.push (internal/streams/readable.js:223:10)
	at Pipe.onStreamRead (internal/stream_base_commons.js:188:23)
[2022-03-14 12:34:59.385] [renderer1] [error] Unable to consume quoted string at char 292: Error: Unable to consume quoted string at char 292
	at r.error (/usr/share/code/resources/app/extensions/emmet/dist/node/emmetNodeMain.js:1:22607)
	at o (/usr/share/code/resources/app/extensions/emmet/dist/node/emmetNodeMain.js:1:21278)
	at f (/usr/share/code/resources/app/extensions/emmet/dist/node/emmetNodeMain.js:1:21705)
	at u (/usr/share/code/resources/app/extensions/emmet/dist/node/emmetNodeMain.js:1:14498)
	at l (/usr/share/code/resources/app/extensions/emmet/dist/node/emmetNodeMain.js:1:14611)
	at /usr/share/code/resources/app/extensions/emmet/dist/node/emmetNodeMain.js:1:15226
	at m (/usr/share/code/resources/app/extensions/emmet/dist/node/emmetNodeMain.js:1:15333)
	at E (/usr/share/code/resources/app/extensions/emmet/dist/node/emmetNodeMain.js:1:16251)
	at _ (/usr/share/code/resources/app/extensions/emmet/dist/node/emmetNodeMain.js:1:16661)
	at t.getRootNode (/usr/share/code/resources/app/extensions/emmet/dist/node/emmetNodeMain.js:1:201200)
	at t.DefaultCompletionItemProvider.provideCompletionItemsInternal (/usr/share/code/resources/app/extensions/emmet/dist/node/emmetNodeMain.js:1:186943)
	at t.DefaultCompletionItemProvider.provideCompletionItems (/usr/share/code/resources/app/extensions/emmet/dist/node/emmetNodeMain.js:1:185715)
	at K.provideCompletionItems (/usr/share/code/resources/app/out/vs/workbench/api/node/extensionHostProcess.js:85:104499)
	at /usr/share/code/resources/app/out/vs/workbench/api/node/extensionHostProcess.js:85:126398
	at be._withAdapter (/usr/share/code/resources/app/out/vs/workbench/api/node/extensionHostProcess.js:85:116655)
	at be.$provideCompletionItems (/usr/share/code/resources/app/out/vs/workbench/api/node/extensionHostProcess.js:85:126374)
	at n._doInvokeHandler (/usr/share/code/resources/app/out/vs/workbench/api/node/extensionHostProcess.js:89:13812)
	at n._invokeHandler (/usr/share/code/resources/app/out/vs/workbench/api/node/extensionHostProcess.js:89:13496)
	at n._receiveRequest (/usr/share/code/resources/app/out/vs/workbench/api/node/extensionHostProcess.js:89:12107)
	at n._receiveOneMessage (/usr/share/code/resources/app/out/vs/workbench/api/node/extensionHostProcess.js:89:10836)
	at /usr/share/code/resources/app/out/vs/workbench/api/node/extensionHostProcess.js:89:8945
	at d.invoke (/usr/share/code/resources/app/out/vs/workbench/api/node/extensionHostProcess.js:58:145)
	at w.fire (/usr/share/code/resources/app/out/vs/workbench/api/node/extensionHostProcess.js:58:1856)
	at c.fire (/usr/share/code/resources/app/out/vs/workbench/api/node/extensionHostProcess.js:66:19017)
	at /usr/share/code/resources/app/out/vs/workbench/api/node/extensionHostProcess.js:104:34267
	at d.invoke (/usr/share/code/resources/app/out/vs/workbench/api/node/extensionHostProcess.js:58:145)
	at w.fire (/usr/share/code/resources/app/out/vs/workbench/api/node/extensionHostProcess.js:58:1856)
	at c.fire (/usr/share/code/resources/app/out/vs/workbench/api/node/extensionHostProcess.js:66:19017)
	at s._receiveMessage (/usr/share/code/resources/app/out/vs/workbench/api/node/extensionHostProcess.js:66:23598)
	at /usr/share/code/resources/app/out/vs/workbench/api/node/extensionHostProcess.js:66:21132
	at d.invoke (/usr/share/code/resources/app/out/vs/workbench/api/node/extensionHostProcess.js:58:145)
	at w.fire (/usr/share/code/resources/app/out/vs/workbench/api/node/extensionHostProcess.js:58:1856)
	at w.acceptChunk (/usr/share/code/resources/app/out/vs/workbench/api/node/extensionHostProcess.js:66:15848)
	at /usr/share/code/resources/app/out/vs/workbench/api/node/extensionHostProcess.js:66:14978
	at Socket.P (/usr/share/code/resources/app/out/vs/workbench/api/node/extensionHostProcess.js:104:13790)
	at Socket.emit (events.js:315:20)
	at addChunk (internal/streams/readable.js:309:12)
	at readableAddChunk (internal/streams/readable.js:284:9)
	at Socket.Readable.push (internal/streams/readable.js:223:10)
	at Pipe.onStreamRead (internal/stream_base_commons.js:188:23)
[2022-03-14 12:35:00.535] [renderer1] [error] Unable to consume quoted string at char 292: Error: Unable to consume quoted string at char 292
	at r.error (/usr/share/code/resources/app/extensions/emmet/dist/node/emmetNodeMain.js:1:22607)
	at o (/usr/share/code/resources/app/extensions/emmet/dist/node/emmetNodeMain.js:1:21278)
	at f (/usr/share/code/resources/app/extensions/emmet/dist/node/emmetNodeMain.js:1:21705)
	at u (/usr/share/code/resources/app/extensions/emmet/dist/node/emmetNodeMain.js:1:14498)
	at l (/usr/share/code/resources/app/extensions/emmet/dist/node/emmetNodeMain.js:1:14611)
	at /usr/share/code/resources/app/extensions/emmet/dist/node/emmetNodeMain.js:1:15226
	at m (/usr/share/code/resources/app/extensions/emmet/dist/node/emmetNodeMain.js:1:15333)
	at E (/usr/share/code/resources/app/extensions/emmet/dist/node/emmetNodeMain.js:1:16251)
	at _ (/usr/share/code/resources/app/extensions/emmet/dist/node/emmetNodeMain.js:1:16661)
	at t.getRootNode (/usr/share/code/resources/app/extensions/emmet/dist/node/emmetNodeMain.js:1:201200)
	at t.DefaultCompletionItemProvider.provideCompletionItemsInternal (/usr/share/code/resources/app/extensions/emmet/dist/node/emmetNodeMain.js:1:186943)
	at t.DefaultCompletionItemProvider.provideCompletionItems (/usr/share/code/resources/app/extensions/emmet/dist/node/emmetNodeMain.js:1:185715)
	at K.provideCompletionItems (/usr/share/code/resources/app/out/vs/workbench/api/node/extensionHostProcess.js:85:104499)
	at /usr/share/code/resources/app/out/vs/workbench/api/node/extensionHostProcess.js:85:126398
	at be._withAdapter (/usr/share/code/resources/app/out/vs/workbench/api/node/extensionHostProcess.js:85:116655)
	at be.$provideCompletionItems (/usr/share/code/resources/app/out/vs/workbench/api/node/extensionHostProcess.js:85:126374)
	at n._doInvokeHandler (/usr/share/code/resources/app/out/vs/workbench/api/node/extensionHostProcess.js:89:13812)
	at n._invokeHandler (/usr/share/code/resources/app/out/vs/workbench/api/node/extensionHostProcess.js:89:13496)
	at n._receiveRequest (/usr/share/code/resources/app/out/vs/workbench/api/node/extensionHostProcess.js:89:12107)
	at n._receiveOneMessage (/usr/share/code/resources/app/out/vs/workbench/api/node/extensionHostProcess.js:89:10836)
	at /usr/share/code/resources/app/out/vs/workbench/api/node/extensionHostProcess.js:89:8945
	at d.invoke (/usr/share/code/resources/app/out/vs/workbench/api/node/extensionHostProcess.js:58:145)
	at w.fire (/usr/share/code/resources/app/out/vs/workbench/api/node/extensionHostProcess.js:58:1856)
	at c.fire (/usr/share/code/resources/app/out/vs/workbench/api/node/extensionHostProcess.js:66:19017)
	at /usr/share/code/resources/app/out/vs/workbench/api/node/extensionHostProcess.js:104:34267
	at d.invoke (/usr/share/code/resources/app/out/vs/workbench/api/node/extensionHostProcess.js:58:145)
	at w.fire (/usr/share/code/resources/app/out/vs/workbench/api/node/extensionHostProcess.js:58:1856)
	at c.fire (/usr/share/code/resources/app/out/vs/workbench/api/node/extensionHostProcess.js:66:19017)
	at s._receiveMessage (/usr/share/code/resources/app/out/vs/workbench/api/node/extensionHostProcess.js:66:23598)
	at /usr/share/code/resources/app/out/vs/workbench/api/node/extensionHostProcess.js:66:21132
	at d.invoke (/usr/share/code/resources/app/out/vs/workbench/api/node/extensionHostProcess.js:58:145)
	at w.fire (/usr/share/code/resources/app/out/vs/workbench/api/node/extensionHostProcess.js:58:1856)
	at w.acceptChunk (/usr/share/code/resources/app/out/vs/workbench/api/node/extensionHostProcess.js:66:15848)
	at /usr/share/code/resources/app/out/vs/workbench/api/node/extensionHostProcess.js:66:14978
	at Socket.P (/usr/share/code/resources/app/out/vs/workbench/api/node/extensionHostProcess.js:104:13790)
	at Socket.emit (events.js:315:20)
	at addChunk (internal/streams/readable.js:309:12)
	at readableAddChunk (internal/streams/readable.js:284:9)
	at Socket.Readable.push (internal/streams/readable.js:223:10)
	at Pipe.onStreamRead (internal/stream_base_commons.js:188:23)
[2022-03-14 12:35:07.076] [renderer1] [error] Unable to consume quoted string at char 292: Error: Unable to consume quoted string at char 292
	at r.error (/usr/share/code/resources/app/extensions/emmet/dist/node/emmetNodeMain.js:1:22607)
	at o (/usr/share/code/resources/app/extensions/emmet/dist/node/emmetNodeMain.js:1:21278)
	at f (/usr/share/code/resources/app/extensions/emmet/dist/node/emmetNodeMain.js:1:21705)
	at u (/usr/share/code/resources/app/extensions/emmet/dist/node/emmetNodeMain.js:1:14498)
	at l (/usr/share/code/resources/app/extensions/emmet/dist/node/emmetNodeMain.js:1:14611)
	at /usr/share/code/resources/app/extensions/emmet/dist/node/emmetNodeMain.js:1:15226
	at m (/usr/share/code/resources/app/extensions/emmet/dist/node/emmetNodeMain.js:1:15333)
	at E (/usr/share/code/resources/app/extensions/emmet/dist/node/emmetNodeMain.js:1:16251)
	at _ (/usr/share/code/resources/app/extensions/emmet/dist/node/emmetNodeMain.js:1:16661)
	at t.getRootNode (/usr/share/code/resources/app/extensions/emmet/dist/node/emmetNodeMain.js:1:201200)
	at t.DefaultCompletionItemProvider.provideCompletionItemsInternal (/usr/share/code/resources/app/extensions/emmet/dist/node/emmetNodeMain.js:1:186943)
	at t.DefaultCompletionItemProvider.provideCompletionItems (/usr/share/code/resources/app/extensions/emmet/dist/node/emmetNodeMain.js:1:185715)
	at K.provideCompletionItems (/usr/share/code/resources/app/out/vs/workbench/api/node/extensionHostProcess.js:85:104499)
	at /usr/share/code/resources/app/out/vs/workbench/api/node/extensionHostProcess.js:85:126398
	at be._withAdapter (/usr/share/code/resources/app/out/vs/workbench/api/node/extensionHostProcess.js:85:116655)
	at be.$provideCompletionItems (/usr/share/code/resources/app/out/vs/workbench/api/node/extensionHostProcess.js:85:126374)
	at n._doInvokeHandler (/usr/share/code/resources/app/out/vs/workbench/api/node/extensionHostProcess.js:89:13812)
	at n._invokeHandler (/usr/share/code/resources/app/out/vs/workbench/api/node/extensionHostProcess.js:89:13496)
	at n._receiveRequest (/usr/share/code/resources/app/out/vs/workbench/api/node/extensionHostProcess.js:89:12107)
	at n._receiveOneMessage (/usr/share/code/resources/app/out/vs/workbench/api/node/extensionHostProcess.js:89:10836)
	at /usr/share/code/resources/app/out/vs/workbench/api/node/extensionHostProcess.js:89:8945
	at d.invoke (/usr/share/code/resources/app/out/vs/workbench/api/node/extensionHostProcess.js:58:145)
	at w.fire (/usr/share/code/resources/app/out/vs/workbench/api/node/extensionHostProcess.js:58:1856)
	at c.fire (/usr/share/code/resources/app/out/vs/workbench/api/node/extensionHostProcess.js:66:19017)
	at /usr/share/code/resources/app/out/vs/workbench/api/node/extensionHostProcess.js:104:34267
	at d.invoke (/usr/share/code/resources/app/out/vs/workbench/api/node/extensionHostProcess.js:58:145)
	at w.fire (/usr/share/code/resources/app/out/vs/workbench/api/node/extensionHostProcess.js:58:1856)
	at c.fire (/usr/share/code/resources/app/out/vs/workbench/api/node/extensionHostProcess.js:66:19017)
	at s._receiveMessage (/usr/share/code/resources/app/out/vs/workbench/api/node/extensionHostProcess.js:66:23598)
	at /usr/share/code/resources/app/out/vs/workbench/api/node/extensionHostProcess.js:66:21132
	at d.invoke (/usr/share/code/resources/app/out/vs/workbench/api/node/extensionHostProcess.js:58:145)
	at w.fire (/usr/share/code/resources/app/out/vs/workbench/api/node/extensionHostProcess.js:58:1856)
	at w.acceptChunk (/usr/share/code/resources/app/out/vs/workbench/api/node/extensionHostProcess.js:66:15848)
	at /usr/share/code/resources/app/out/vs/workbench/api/node/extensionHostProcess.js:66:14978
	at Socket.P (/usr/share/code/resources/app/out/vs/workbench/api/node/extensionHostProcess.js:104:13790)
	at Socket.emit (events.js:315:20)
	at addChunk (internal/streams/readable.js:309:12)
	at readableAddChunk (internal/streams/readable.js:284:9)
	at Socket.Readable.push (internal/streams/readable.js:223:10)
	at Pipe.onStreamRead (internal/stream_base_commons.js:188:23)
[2022-03-18 17:12:06.121] [renderer1] [info] UNRESPONSIVE extension host: received responsive event and cancelling profiling session
[2022-03-18 17:12:23.052] [renderer1] [info] UNRESPONSIVE extension host: starting to profile NOW
[2022-03-18 17:25:19.699] [renderer1] [error] Unable to read file '/root/dockers/lara/www/proyecto_laravel/app/Providers/BroadcastServiceProvider.php' (Error: File not modified since): Error: Unable to read file '/root/dockers/lara/www/proyecto_laravel/app/Providers/BroadcastServiceProvider.php' (Error: File not modified since)
    at v.doReadFileStream (vscode-file://vscode-app/usr/share/code/resources/app/out/vs/workbench/workbench.desktop.main.js:605:41988)
    at async u.doRead (vscode-file://vscode-app/usr/share/code/resources/app/out/vs/workbench/workbench.desktop.main.js:2410:41390)
    at async u.readStream (vscode-file://vscode-app/usr/share/code/resources/app/out/vs/workbench/workbench.desktop.main.js:2410:41065)
    at async qi.resolveFromFile (vscode-file://vscode-app/usr/share/code/resources/app/out/vs/workbench/workbench.desktop.main.js:2399:66630)
    at async vscode-file://vscode-app/usr/share/code/resources/app/out/vs/workbench/workbench.desktop.main.js:2410:35535
[2022-03-18 18:20:14.565] [renderer1] [error] Unable to read file '/root/dockers/lara/www/proyecto_laravel/config/broadcasting.php' (Error: File not modified since): Error: Unable to read file '/root/dockers/lara/www/proyecto_laravel/config/broadcasting.php' (Error: File not modified since)
    at v.doReadFileStream (vscode-file://vscode-app/usr/share/code/resources/app/out/vs/workbench/workbench.desktop.main.js:605:41988)
    at async u.doRead (vscode-file://vscode-app/usr/share/code/resources/app/out/vs/workbench/workbench.desktop.main.js:2410:41390)
    at async u.readStream (vscode-file://vscode-app/usr/share/code/resources/app/out/vs/workbench/workbench.desktop.main.js:2410:41065)
    at async qi.resolveFromFile (vscode-file://vscode-app/usr/share/code/resources/app/out/vs/workbench/workbench.desktop.main.js:2399:66630)
    at async vscode-file://vscode-app/usr/share/code/resources/app/out/vs/workbench/workbench.desktop.main.js:2410:35535
[2022-03-22 07:40:25.867] [renderer1] [info] UNRESPONSIVE extension host: received responsive event and cancelling profiling session
[2022-03-22 07:41:00.771] [renderer1] [info] UNRESPONSIVE extension host: received responsive event and cancelling profiling session
[2022-03-22 07:41:10.824] [renderer1] [info] UNRESPONSIVE extension host: starting to profile NOW
[2022-03-22 07:41:18.275] [renderer1] [info] UNRESPONSIVE extension host: received responsive event and cancelling profiling session
[2022-03-22 07:41:19.234] [renderer1] [info] UNRESPONSIVE extension host: starting to profile NOW
[2022-03-22 07:41:42.877] [renderer1] [info] UNRESPONSIVE extension host: received responsive event and cancelling profiling session
[2022-03-22 07:41:46.058] [renderer1] [info] UNRESPONSIVE extension host: starting to profile NOW
[2022-03-22 13:59:10.850] [renderer1] [error] ["Unknown (FileSystemError): Failed to move 'CandidatoController.php' to the trash","    at c (/usr/share/code/resources/app/out/vs/code/electron-main/main.js:28:4018)","    at C.delete (/usr/share/code/resources/app/out/vs/code/electron-main/main.js:31:49830)"]
[2022-03-22 13:59:11.007] [renderer1] [error] Failed to move 'CandidatoController.php' to the trash: Unknown (FileSystemError): Failed to move 'CandidatoController.php' to the trash
    at c (/usr/share/code/resources/app/out/vs/code/electron-main/main.js:28:4018)
    at C.delete (/usr/share/code/resources/app/out/vs/code/electron-main/main.js:31:49830)
[2022-03-22 14:03:07.010] [renderer1] [error] [File Watcher (node.js)] Failed to watch /directory-to-open for changes using fs.watch() (Error: ENOSPC: System limit for number of file watchers reached, watch '/directory-to-open')
[2022-03-27 06:44:09.411] [renderer1] [error] ["Unknown (FileSystemError): Failed to move 'image' to the trash","    at c (/usr/share/code/resources/app/out/vs/code/electron-main/main.js:28:4018)","    at C.delete (/usr/share/code/resources/app/out/vs/code/electron-main/main.js:31:49830)"]
[2022-03-27 06:44:09.499] [renderer1] [error] Failed to move 'image' to the trash: Unknown (FileSystemError): Failed to move 'image' to the trash
    at c (/usr/share/code/resources/app/out/vs/code/electron-main/main.js:28:4018)
    at C.delete (/usr/share/code/resources/app/out/vs/code/electron-main/main.js:31:49830)
[2022-03-27 07:20:11.029] [renderer1] [error] ["Unknown (FileSystemError): Failed to move 'candidato' to the trash","    at c (/usr/share/code/resources/app/out/vs/code/electron-main/main.js:28:4018)","    at C.delete (/usr/share/code/resources/app/out/vs/code/electron-main/main.js:31:49830)"]
[2022-03-27 07:20:11.112] [renderer1] [error] Failed to move 'candidato' to the trash: Unknown (FileSystemError): Failed to move 'candidato' to the trash
    at c (/usr/share/code/resources/app/out/vs/code/electron-main/main.js:28:4018)
    at C.delete (/usr/share/code/resources/app/out/vs/code/electron-main/main.js:31:49830)
[2022-03-27 10:59:10.552] [renderer1] [info] UNRESPONSIVE extension host: starting to profile NOW
[2022-03-27 10:59:10.827] [renderer1] [info] UNRESPONSIVE extension host: received responsive event and cancelling profiling session
[2022-03-27 10:59:11.009] [renderer1] [warning] UNRESPONSIVE extension host: 'vscode.markdown-language-features' took 75% of 941.17ms, saved PROFILE here: 'file:///tmp/exthost-c1f97b.cpuprofile' [{"id":"gc","total":117783,"percentage":13},{"id":"program","total":6192,"percentage":1},{"id":"self","total":43024,"percentage":5},{"id":"vscode.css-language-features","total":812,"percentage":0},{"id":"vscode.extension-editing","total":48697,"percentage":5},{"id":"vscode.json-language-features","total":1245,"percentage":0},{"id":"vscode.markdown-language-features","total":705608,"percentage":75},{"id":"vscode.php-language-features","total":16519,"percentage":2}]
[2022-03-27 11:00:49.772] [renderer1] [error] Error: Unable to read file '/root/dockers/lara/www/proyecto_laravel/1.64.2-main.sock' (Unknown (FileSystemError): An unknown error occurred. Please consult the log for more details.)
    at Object.error (vscode-file://vscode-app/usr/share/code/resources/app/out/vs/workbench/workbench.desktop.main.js:605:42268)
    at Object.onError (vscode-file://vscode-app/usr/share/code/resources/app/out/vs/workbench/workbench.desktop.main.js:67:28520)
    at vscode-file://vscode-app/usr/share/code/resources/app/out/vs/workbench/workbench.desktop.main.js:67:27615
    at vscode-file://vscode-app/usr/share/code/resources/app/out/vs/workbench/workbench.desktop.main.js:67:25796
    at Array.forEach (<anonymous>)
    at I.emitError (vscode-file://vscode-app/usr/share/code/resources/app/out/vs/workbench/workbench.desktop.main.js:67:25785)
    at I.error (vscode-file://vscode-app/usr/share/code/resources/app/out/vs/workbench/workbench.desktop.main.js:67:25446)
    at vscode-file://vscode-app/usr/share/code/resources/app/out/vs/workbench/workbench.desktop.main.js:601:12042
    at f.invoke (vscode-file://vscode-app/usr/share/code/resources/app/out/vs/workbench/workbench.desktop.main.js:67:145)
    at c.fire (vscode-file://vscode-app/usr/share/code/resources/app/out/vs/workbench/workbench.desktop.main.js:67:1856)
    at G (vscode-file://vscode-app/usr/share/code/resources/app/out/vs/workbench/workbench.desktop.main.js:83:3413)
    at T.onResponse (vscode-file://vscode-app/usr/share/code/resources/app/out/vs/workbench/workbench.desktop.main.js:83:4386)
    at T.onBuffer (vscode-file://vscode-app/usr/share/code/resources/app/out/vs/workbench/workbench.desktop.main.js:83:4226)
    at vscode-file://vscode-app/usr/share/code/resources/app/out/vs/workbench/workbench.desktop.main.js:83:1817
    at f.invoke (vscode-file://vscode-app/usr/share/code/resources/app/out/vs/workbench/workbench.desktop.main.js:67:145)
    at c.fire (vscode-file://vscode-app/usr/share/code/resources/app/out/vs/workbench/workbench.desktop.main.js:67:1856)
    at EventEmitter.K (vscode-file://vscode-app/usr/share/code/resources/app/out/vs/workbench/workbench.desktop.main.js:65:51039)
    at EventEmitter.emit (events.js:315:20)
    at Object.onMessage (electron/js2c/renderer_init.js:105:1177)
[2022-03-27 11:00:57.833] [renderer1] [error] Error: Unable to read file '/root/dockers/lara/www/proyecto_laravel/1.64.2-main.sock' (Unknown (FileSystemError): An unknown error occurred. Please consult the log for more details.)
    at Object.error (vscode-file://vscode-app/usr/share/code/resources/app/out/vs/workbench/workbench.desktop.main.js:605:42268)
    at Object.onError (vscode-file://vscode-app/usr/share/code/resources/app/out/vs/workbench/workbench.desktop.main.js:67:28520)
    at vscode-file://vscode-app/usr/share/code/resources/app/out/vs/workbench/workbench.desktop.main.js:67:27615
    at vscode-file://vscode-app/usr/share/code/resources/app/out/vs/workbench/workbench.desktop.main.js:67:25796
    at Array.forEach (<anonymous>)
    at I.emitError (vscode-file://vscode-app/usr/share/code/resources/app/out/vs/workbench/workbench.desktop.main.js:67:25785)
    at I.error (vscode-file://vscode-app/usr/share/code/resources/app/out/vs/workbench/workbench.desktop.main.js:67:25446)
    at vscode-file://vscode-app/usr/share/code/resources/app/out/vs/workbench/workbench.desktop.main.js:601:12042
    at f.invoke (vscode-file://vscode-app/usr/share/code/resources/app/out/vs/workbench/workbench.desktop.main.js:67:145)
    at c.fire (vscode-file://vscode-app/usr/share/code/resources/app/out/vs/workbench/workbench.desktop.main.js:67:1856)
    at G (vscode-file://vscode-app/usr/share/code/resources/app/out/vs/workbench/workbench.desktop.main.js:83:3413)
    at T.onResponse (vscode-file://vscode-app/usr/share/code/resources/app/out/vs/workbench/workbench.desktop.main.js:83:4386)
    at T.onBuffer (vscode-file://vscode-app/usr/share/code/resources/app/out/vs/workbench/workbench.desktop.main.js:83:4226)
    at vscode-file://vscode-app/usr/share/code/resources/app/out/vs/workbench/workbench.desktop.main.js:83:1817
    at f.invoke (vscode-file://vscode-app/usr/share/code/resources/app/out/vs/workbench/workbench.desktop.main.js:67:145)
    at c.fire (vscode-file://vscode-app/usr/share/code/resources/app/out/vs/workbench/workbench.desktop.main.js:67:1856)
    at EventEmitter.K (vscode-file://vscode-app/usr/share/code/resources/app/out/vs/workbench/workbench.desktop.main.js:65:51039)
    at EventEmitter.emit (events.js:315:20)
    at Object.onMessage (electron/js2c/renderer_init.js:105:1177)
